#
# A fatal error has been detected by the Java Runtime Environment:
#
#  EXCEPTION_ACCESS_VIOLATION (0xc0000005) at pc=0x00007ffb1e65c4d0, pid=11784, tid=9716
#
# JRE version: OpenJDK Runtime Environment Temurin-21.0.7+6 (21.0.7+6) (build 21.0.7+6-LTS)
# Java VM: OpenJDK 64-Bit Server VM Temurin-21.0.7+6 (21.0.7+6-LTS, mixed mode, sharing, tiered, compressed oops, compressed class ptrs, parallel gc, windows-amd64)
# Problematic frame:
# V  [jvm.dll+0xc4d0]
#
# No core dump will be written. Minidumps are not enabled by default on client versions of Windows
#
# If you would like to submit a bug report, please visit:
#   https://github.com/adoptium/adoptium-support/issues
#

---------------  S U M M A R Y ------------

Command Line: --add-modules=ALL-SYSTEM --add-opens=java.base/java.util=ALL-UNNAMED --add-opens=java.base/java.lang=ALL-UNNAMED --add-opens=java.base/sun.nio.fs=ALL-UNNAMED -Declipse.application=org.eclipse.jdt.ls.core.id1 -Dosgi.bundles.defaultStartLevel=4 -Declipse.product=org.eclipse.jdt.ls.core.product -Djava.import.generatesMetadataFilesAtProjectRoot=false -DDetectVMInstallationsJob.disabled=true -Dfile.encoding=utf8 -XX:+UseParallelGC -XX:GCTimeRatio=4 -XX:AdaptiveSizePolicyWeight=90 -Dsun.zip.disableMemoryMapping=true -Xmx1G -Xms100m -Xlog:disable -javaagent:c:\Users\a\.vscode\extensions\redhat.java-1.42.0-win32-x64\lombok\lombok-1.18.36.jar -XX:+HeapDumpOnOutOfMemoryError -XX:HeapDumpPath=c:\Users\a\AppData\Roaming\Code\User\workspaceStorage\9db86a506a90057be1feace3f1cbdef9\redhat.java -Daether.dependencyCollector.impl=bf c:\Users\a\.vscode\extensions\redhat.java-1.42.0-win32-x64\server\plugins\org.eclipse.equinox.launcher_1.7.0.v20250424-1814.jar -configuration c:\Users\a\AppData\Roaming\Code\User\globalStorage\redhat.java\1.42.0\config_win -data c:\Users\a\AppData\Roaming\Code\User\workspaceStorage\9db86a506a90057be1feace3f1cbdef9\redhat.java\jdt_ws --pipe=\\.\pipe\lsp-ed5a0090116e36c8f47c7624df44f758-sock

Host: AMD Athlon Silver 3050U with Radeon Graphics   , 2 cores, 17G,  Windows 11 , 64 bit Build 22621 (10.0.22621.4391)
Time: Thu May 22 05:20:55 2025 Paris, Madrid (heure duild 22621 (10.0.22621.4391) elapsed time: 9507.780897 seconds (0d 2h 38m 27s)

---------------  T H R E A D  ---------------

Current thread (0x0000021d077ff680):  WorkerThread "GC Thread#1"    [id=9716, stack(0x000000c125c00000,0x000000c125d00000) (1024K)]

Stack: [0x000000c125c00000,0x000000c125d00000],  sp=0x000000c125cff948,  free space=1022k
Native frames: (J=compiled Java code, j=interpreted, Vv=VM code, C=native code)
V  [jvm.dll+0xc4d0]


siginfo: EXCEPTION_ACCESS_VIOLATION (0xc0000005), reading address 0x0000000000000100


Registers:
RAX=0x0000000000000000, RBX=0x00000000e487418c, RCX=0x0000021cc2081240, RDX=0x00000000eb6dea40
RSP=0x000000c125cff948, RBP=0x000000c125cff9d0, RSI=0x00000000eb6dea40, RDI=0x0000021cad3c7b00
R8 =0x0000021cc2081240, R9 =0x0000000000000000, R10=0x0000021cc2000000, R11=0x0000021cad3c7b00
R12=0x0000000000000010, R13=0x000000000000000c, R14=0x0000021cad3c7b00, R15=0x0000000000000040
RIP=0x00007ffb1e65c4d0, EFLAGS=0x0000000000010246

XMM[0]=0x0000000e00001240 0x0000000000000009
XMM[1]=0xeb6d38c8eb6d3ae0 0xeb6dbc70eb6dbdf0
XMM[2]=0x000008d6000008da 0x0000088a0000088e
XMM[3]=0x00000b0400000b08 0x00000a0600000a0a
XMM[4]=0x00000b6300000b67 0x0000094100000945
XMM[5]=0xeb6d35c8eb6d3748 0xeb6d38c8eb6d3ae0
XMM[6]=0x0000000000000000 0x0000000000000000
XMM[7]=0x0000000000000000 0x0000000000000000
XMM[8]=0x0000000000000000 0x0000000000000000
XMM[9]=0x0000000000000000 0x0000000000000000
XMM[10]=0x0000000000000000 0x0000000000000000
XMM[11]=0x0000000000000000 0x0000000000000000
XMM[12]=0x0000000000000000 0x0000000000000000
XMM[13]=0x0000000000000000 0x0000000000000000
XMM[14]=0x0000000000000000 0x0000000000000000
XMM[15]=0x0000000000000000 0x0000000000000000
  MXCSR=0x00001fa0


Register to memory mapping:

RAX=0x0 is null
RBX=0x00000000e487418c is pointing into object: lombok.core.LombokImmutableList 
{0x00000000e4874180} - klass: 'lombok/core/LombokImmutableList'
 - ---- fields (total size 2 words):
 - private 'content' '[Ljava/lang/Object;' @12  
[error occurred during error reporting (printing register info), id 0xc0000005, EXCEPTION_ACCESS_VIOLATION (0xc0000005) at pc=0x00007ffb1ed092e6]
RCX=0x0000021cc2081240 is pointing into metadata
RDX=0x00000000eb6dea40 points into unknown readable memory: 0x0000000000000009 | 09 00 00 00 00 00 00 00
RSP=0x000000c125cff948 points into unknown readable memory: 0x00007ffb1ed5aee8 | e8 ae d5 1e fb 7f 00 00
RBP=0x000000c125cff9d0 points into unknown readable memory: 0x0000000000000040 | 40 00 00 00 00 00 00 00
RSI=0x00000000eb6dea40 points into unknown readable memory: 0x0000000000000009 | 09 00 00 00 00 00 00 00
RDI=0x0000021cad3c7b00 points into unknown readable memory: 0x00007ffb1f0dc108 | 08 c1 0d 1f fb 7f 00 00
R8 =0x0000021cc2081240 is pointing into metadata
R9 =0x0 is null
R10=0x0000021cc2000000 is pointing into metadata
R11=0x0000021cad3c7b00 points into unknown readable memory: 0x00007ffb1f0dc108 | 08 c1 0d 1f fb 7f 00 00
R12=0x0000000000000010 is an unknown value
R13=0x000000000000000c is an unknown value
R14=0x0000021cad3c7b00 points into unknown readable memory: 0x00007ffb1f0dc108 | 08 c1 0d 1f fb 7f 00 00
R15=0x0000000000000040 is an unknown value

Top of Stack: (sp=0x000000c125cff948)
0x000000c125cff948:   00007ffb1ed5aee8 00000000e486f380
0x000000c125cff958:   00000000eb6ddc48 000000c125cff9b0
0x000000c125cff968:   00000000e3eedba8 000000c125cffa30
0x000000c125cff978:   00007ffb1ed61011 00000000e3eedbc8
0x000000c125cff988:   00007ffb1ed504dc 00000000e4873398
0x000000c125cff998:   0000000000000400 00000000eb788000
0x000000c125cff9a8:   0000000000001000 00000000e472eea4
0x000000c125cff9b8:   00000000000004c0 000000000000000c
0x000000c125cff9c8:   0000000000000010 0000000000000040
0x000000c125cff9d8:   000000000000002b 0000021cad3c7b00
0x000000c125cff9e8:   000000000000688c 0000000000000000
0x000000c125cff9f8:   00007ffb1ed5bcd9 00000000e4874170
0x000000c125cffa08:   00000000e4720000 0000000000000009
0x000000c125cffa18:   000000c125cffa00 00000000e472f200
0x000000c125cffa28:   000000c125cffb48 0000021cad3c7b00
0x000000c125cffa38:   0000000000000006 00000000e472f668
0x000000c125cffa48:   00000000e4720000 00000000e472f200
0x000000c125cffa58:   00007ffb1ed51a3a 000000c125cffbe0
0x000000c125cffa68:   0000000000000040 00000000e4720000
0x000000c125cffa78:   00000000e472eef0 00000000e472f200
0x000000c125cffa88:   00007ffb1e88f25e 00000000e4730000
0x000000c125cffa98:   000000c125cffbf0 0000021caafdd5c0
0x000000c125cffaa8:   00000000e4720000 000000c125cffb48
0x000000c125cffab8:   0000021d079094f0 0000020000000009
0x000000c125cffac8:   0202020202020202 0202020202020202
0x000000c125cffad8:   0202020202020202 0202020202020202
0x000000c125cffae8:   0202020202020202 0202020202020202
0x000000c125cffaf8:   0202020202020202 0202020202020202
0x000000c125cffb08:   0202020202020202 0202020202020202
0x000000c125cffb18:   0202020202020202 0202020202020202
0x000000c125cffb28:   0202020202020202 0202020202020202
0x000000c125cffb38:   0202020202020202 020202020202ff02 

Instructions: (pc=0x00007ffb1e65c4d0)
0x00007ffb1e65c3d0:   a9 00 f0 00 00 75 43 0f b6 c2 24 30 3c 30 74 3a
0x00007ffb1e65c3e0:   48 c1 e9 0c 48 8d 05 45 eb 93 00 83 e1 0f 8b 0c
0x00007ffb1e65c3f0:   88 48 8b 05 00 f3 cc 00 48 d3 ea 48 c1 e8 15 48
0x00007ffb1e65c400:   c1 ea 15 48 23 d0 48 8b 05 e3 f5 cc 00 48 8b 48
0x00007ffb1e65c410:   60 48 8b 04 d1 48 85 c0 75 08 48 8b 05 d7 f5 cc
0x00007ffb1e65c420:   00 c3 48 8b 05 c7 f5 cc 00 c3 cc cc cc cc cc cc
0x00007ffb1e65c430:   8b 05 82 cb c1 00 c3 cc cc cc cc cc cc cc cc cc
0x00007ffb1e65c440:   0f b6 05 db e1 c1 00 48 8b d1 84 c0 74 16 44 8b
0x00007ffb1e65c450:   41 08 8b 0d 60 cb c1 00 49 d3 e0 4c 03 05 4e cb
0x00007ffb1e65c460:   c1 00 eb 04 4c 8b 41 08 45 8b 48 08 45 85 c9 7e
0x00007ffb1e65c470:   0e 41 f6 c1 01 75 53 41 c1 f9 03 49 63 c1 c3 79
0x00007ffb1e65c480:   49 84 c0 41 b8 0c 00 00 00 8b 05 99 dc c1 00 b9
0x00007ffb1e65c490:   10 00 00 00 41 0f 45 c8 ff c8 4c 63 c0 41 8b c1
0x00007ffb1e65c4a0:   48 c1 f8 10 0f b6 c0 48 63 14 11 41 8b c9 83 e1
0x00007ffb1e65c4b0:   3f 48 d3 e2 49 8d 0c 10 49 f7 d0 48 03 c1 49 c1
0x00007ffb1e65c4c0:   e8 03 48 c1 e8 03 49 23 c0 c3 49 8b 00 49 8b c8
0x00007ffb1e65c4d0:   48 ff a0 00 01 00 00 cc cc cc cc cc cc cc cc cc
0x00007ffb1e65c4e0:   8b 44 24 30 45 03 c9 44 2b 4c 24 28 83 c0 0b 44
0x00007ffb1e65c4f0:   03 ca 45 03 c8 41 03 c1 c3 cc cc cc cc cc cc cc
0x00007ffb1e65c500:   4c 8b c2 48 8b d1 45 8b 48 08 45 85 c9 7e 0e 41
0x00007ffb1e65c510:   f6 c1 01 75 56 41 c1 f9 03 49 63 c1 c3 79 4c 80
0x00007ffb1e65c520:   3d fc e0 c1 00 00 b8 0c 00 00 00 b9 10 00 00 00
0x00007ffb1e65c530:   0f 45 c8 8b 05 ef db c1 00 ff c8 4c 63 c0 41 8b
0x00007ffb1e65c540:   c1 48 c1 f8 10 48 63 14 11 41 8b c9 83 e1 3f 0f
0x00007ffb1e65c550:   b6 c0 48 d3 e2 49 8d 0c 10 49 f7 d0 48 03 c1 49
0x00007ffb1e65c560:   c1 e8 03 48 c1 e8 03 49 23 c0 c3 49 8b 00 49 8b
0x00007ffb1e65c570:   c8 48 ff a0 00 01 00 00 cc cc cc cc cc cc cc cc
0x00007ffb1e65c580:   48 8b 41 08 0f b7 48 2c 0f b7 40 2a 83 c0 48 03
0x00007ffb1e65c590:   c1 c3 cc cc cc cc cc cc cc cc cc cc cc cc cc cc
0x00007ffb1e65c5a0:   48 89 5c 24 08 57 48 83 ec 20 0f b6 05 8f dd cc
0x00007ffb1e65c5b0:   00 48 8b fa 48 8b d9 84 c0 74 4f 48 85 15 26 d5
0x00007ffb1e65c5c0:   cc 00 74 38 48 8b ca e8 54 d5 8c 00 48 8b d0 48 


Stack slot to memory mapping:

stack at sp + 0 slots: 0x00007ffb1ed5aee8 jvm.dll
stack at sp + 1 slots: 0x00000000e486f380 is an oop: [Ljdk.internal.vm.FillerElement; 
{0x00000000e486f380} - klass: {type array int}
 - length: 2
stack at sp + 2 slots: 0x00000000eb6ddc48 is an oop: [Ljava.lang.Object; 
{0x00000000eb6ddc48} - klass: 'java/lang/Object'[]
 - length: 1
stack at sp + 3 slots: 0x000000c125cff9b0 points into unknown readable memory: 0x00000000e472eea4 | a4 ee 72 e4 00 00 00 00
stack at sp + 4 slots: 0x00000000e3eedba8 is an oop: java.lang.ThreadLocal$ThreadLocalMap$Entry 
{0x00000000e3eedba8} - klass: 'java/lang/ThreadLocal$ThreadLocalMap$Entry'
 - ---- fields (total size 4 words):
 - private 'referent' 'Ljava/lang/Object;' @12  null (0x00000000)
 - volatile 'queue' 'Ljava/lang/ref/ReferenceQueue;' @16  a 'java/lang/ref/ReferenceQueue$Null'{0x00000000c074aea8} (0xc074aea8)
 - volatile 'next' 'Ljava/lang/ref/Reference;' @20  null (0x00000000)
 - private transient 'discovered' 'Ljava/lang/ref/Reference;' @24  null (0x00000000)
 - 'value' 'Ljava/lang/Object;' @28  null (0x00000000)
stack at sp + 5 slots: 0x000000c125cffa30 points into unknown readable memory: 0x0000021cad3c7b00 | 00 7b 3c ad 1c 02 00 00
stack at sp + 6 slots: 0x00007ffb1ed61011 jvm.dll
stack at sp + 7 slots: 0x00000000e3eedbc8 is an oop: [Lorg.eclipse.jdt.internal.ui.util.StringMatcher; 
{0x00000000e3eedbc8} - klass: 'org/eclipse/jdt/internal/ui/util/StringMatcher'[]
 - length: 6


---------------  P R O C E S S  ---------------

Threads class SMR info:
_java_thread_list=0x0000021d07696970, length=38, elements={
0x0000021cad30d9b0, 0x0000021cc15f7ee0, 0x0000021cc15f9520, 0x0000021cc15fd520,
0x0000021cc15feb60, 0x0000021cc16001d0, 0x0000021cc1604f00, 0x0000021cc1605940,
0x0000021cc1674f90, 0x0000021cc16f7640, 0x0000021d07216df0, 0x0000021d076f8750,
0x0000021d07983fe0, 0x0000021d07976a30, 0x0000021d079c4180, 0x0000021d07a1ead0,
0x0000021d080c9420, 0x0000021d07e922b0, 0x0000021d07e93660, 0x0000021d07e93cf0,
0x0000021d07e91c20, 0x0000021d088d3890, 0x0000021d088cf060, 0x0000021d088d45b0,
0x0000021d088d0410, 0x0000021d088d3f20, 0x0000021d09a9d720, 0x0000021d09aa0ba0,
0x0000021d09a9ead0, 0x0000021d09aa1f50, 0x0000021d09aa2c70, 0x0000021d0a94c900,
0x0000021d0a946000, 0x0000021d0a9473b0, 0x0000021d09a9fe80, 0x0000021d09a9ddb0,
0x0000021d09a9f7f0, 0x0000021d09aa18c0
}

Java Threads: ( => current thread )
  0x0000021cad30d9b0 JavaThread "main"                              [_thread_blocked, id=11524, stack(0x000000c124d00000,0x000000c124e00000) (1024K)]
  0x0000021cc15f7ee0 JavaThread "Reference Handler"          daemon [_thread_blocked, id=10452, stack(0x000000c125200000,0x000000c125300000) (1024K)]
  0x0000021cc15f9520 JavaThread "Finalizer"                  daemon [_thread_blocked, id=10636, stack(0x000000c125300000,0x000000c125400000) (1024K)]
  0x0000021cc15fd520 JavaThread "Signal Dispatcher"          daemon [_thread_blocked, id=9504, stack(0x000000c125400000,0x000000c125500000) (1024K)]
  0x0000021cc15feb60 JavaThread "Attach Listener"            daemon [_thread_blocked, id=12680, stack(0x000000c125500000,0x000000c125600000) (1024K)]
  0x0000021cc16001d0 JavaThread "Service Thread"             daemon [_thread_blocked, id=7704, stack(0x000000c125600000,0x000000c125700000) (1024K)]
  0x0000021cc1604f00 JavaThread "Monitor Deflation Thread"   daemon [_thread_blocked, id=6500, stack(0x000000c125700000,0x000000c125800000) (1024K)]
  0x0000021cc1605940 JavaThread "C2 CompilerThread0"         daemon [_thread_blocked, id=7556, stack(0x000000c125800000,0x000000c125900000) (1024K)]
  0x0000021cc1674f90 JavaThread "C1 CompilerThread0"         daemon [_thread_blocked, id=4536, stack(0x000000c125900000,0x000000c125a00000) (1024K)]
  0x0000021cc16f7640 JavaThread "Common-Cleaner"             daemon [_thread_blocked, id=3012, stack(0x000000c125a00000,0x000000c125b00000) (1024K)]
  0x0000021d07216df0 JavaThread "Notification Thread"        daemon [_thread_blocked, id=8676, stack(0x000000c125b00000,0x000000c125c00000) (1024K)]
  0x0000021d076f8750 JavaThread "Active Thread: Equinox Container: 9807659b-5ff5-41a5-a92d-0d86f72bef51"        [_thread_blocked, id=9396, stack(0x000000c125d00000,0x000000c125e00000) (1024K)]
  0x0000021d07983fe0 JavaThread "Refresh Thread: Equinox Container: 9807659b-5ff5-41a5-a92d-0d86f72bef51" daemon [_thread_blocked, id=11532, stack(0x000000c125e00000,0x000000c125f00000) (1024K)]
  0x0000021d07976a30 JavaThread "Framework Event Dispatcher: Equinox Container: 9807659b-5ff5-41a5-a92d-0d86f72bef51" daemon [_thread_blocked, id=11152, stack(0x000000c125f00000,0x000000c126000000) (1024K)]
  0x0000021d079c4180 JavaThread "Start Level: Equinox Container: 9807659b-5ff5-41a5-a92d-0d86f72bef51" daemon [_thread_blocked, id=9624, stack(0x000000c126000000,0x000000c126100000) (1024K)]
  0x0000021d07a1ead0 JavaThread "Bundle File Closer"         daemon [_thread_blocked, id=11120, stack(0x000000c126100000,0x000000c126200000) (1024K)]
  0x0000021d080c9420 JavaThread "SCR Component Actor"        daemon [_thread_blocked, id=10632, stack(0x000000c126200000,0x000000c126300000) (1024K)]
  0x0000021d07e922b0 JavaThread "Worker-JM"                         [_thread_blocked, id=6676, stack(0x000000c126400000,0x000000c126500000) (1024K)]
  0x0000021d07e93660 JavaThread "JNA Cleaner"                daemon [_thread_blocked, id=12860, stack(0x000000c126500000,0x000000c126600000) (1024K)]
  0x0000021d07e93cf0 JavaThread "Java indexing"              daemon [_thread_blocked, id=9996, stack(0x000000c126900000,0x000000c126a00000) (1024K)]
  0x0000021d07e91c20 JavaThread "Thread-2"                   daemon [_thread_in_native, id=1880, stack(0x000000c126b00000,0x000000c126c00000) (1024K)]
  0x0000021d088d3890 JavaThread "Thread-3"                   daemon [_thread_in_native, id=7076, stack(0x000000c126c00000,0x000000c126d00000) (1024K)]
  0x0000021d088cf060 JavaThread "Thread-4"                   daemon [_thread_in_native, id=9240, stack(0x000000c126d00000,0x000000c126e00000) (1024K)]
  0x0000021d088d45b0 JavaThread "pool-2-thread-1"                   [_thread_blocked, id=1488, stack(0x000000c126e00000,0x000000c126f00000) (1024K)]
  0x0000021d088d0410 JavaThread "WorkspaceEventsHandler"            [_thread_blocked, id=9684, stack(0x000000c126f00000,0x000000c127000000) (1024K)]
  0x0000021d088d3f20 JavaThread "pool-1-thread-1"                   [_thread_blocked, id=4260, stack(0x000000c127000000,0x000000c127100000) (1024K)]
  0x0000021d09a9d720 JavaThread "Cleaner-0"                  daemon [_thread_blocked, id=12324, stack(0x000000c127a00000,0x000000c127b00000) (1024K)]
  0x0000021d09aa0ba0 JavaThread "Java Debug Server"                 [_thread_in_native, id=3652, stack(0x000000c126300000,0x000000c126400000) (1024K)]
  0x0000021d09a9ead0 JavaThread "RxSchedulerPurge-1"         daemon [_thread_blocked, id=10944, stack(0x000000c126600000,0x000000c126700000) (1024K)]
  0x0000021d09aa1f50 JavaThread "RxCachedWorkerPoolEvictor-1" daemon [_thread_blocked, id=2016, stack(0x000000c126a00000,0x000000c126b00000) (1024K)]
  0x0000021d09aa2c70 JavaThread "Worker-10"                         [_thread_blocked, id=208, stack(0x000000c126800000,0x000000c126900000) (1024K)]
  0x0000021d0a94c900 JavaThread "Worker-12"                         [_thread_blocked, id=9224, stack(0x000000c127320000,0x000000c127420000) (1024K)]
  0x0000021d0a946000 JavaThread "Compiler Processing Task"   daemon [_thread_blocked, id=14292, stack(0x000000c124c00000,0x000000c124d00000) (1024K)]
  0x0000021d0a9473b0 JavaThread "Worker-20"                         [_thread_blocked, id=12276, stack(0x000000c127420000,0x000000c127520000) (1024K)]
  0x0000021d09a9fe80 JavaThread "ForkJoinPool.commonPool-worker-13" daemon [_thread_blocked, id=3492, stack(0x000000c127100000,0x000000c127200000) (1024K)]
  0x0000021d09a9ddb0 JavaThread "Thread-3302"                       [_thread_blocked, id=8220, stack(0x000000c124e00000,0x000000c124f00000) (1024K)]
  0x0000021d09a9f7f0 JavaThread "Thread-3303"                       [_thread_blocked, id=13464, stack(0x000000c127200000,0x000000c127300000) (1024K)]
  0x0000021d09aa18c0 JavaThread "Thread-3304"                       [_thread_blocked, id=1328, stack(0x000000c127520000,0x000000c127620000) (1024K)]
Total: 38

Other Threads:
  0x0000021cad3cc700 VMThread "VM Thread"                           [id=11088, stack(0x000000c125100000,0x000000c125200000) (1024K)]
  0x0000021cad375fa0 WatcherThread "VM Periodic Task Thread"        [id=7576, stack(0x000000c125000000,0x000000c125100000) (1024K)]
  0x0000021cad32bcd0 WorkerThread "GC Thread#0"                     [id=6672, stack(0x000000c124f00000,0x000000c125000000) (1024K)]
=>0x0000021d077ff680 WorkerThread "GC Thread#1"                     [id=9716, stack(0x000000c125c00000,0x000000c125d00000) (1024K)]
Total: 4

Threads with active compile tasks:
C2 CompilerThread0  9507815 30062       4       java.util.TimSort::mergeLo (659 bytes)
Total: 1

VM state: at safepoint (normal execution)

VM Mutex/Monitor currently owned by a thread:  ([mutex/lock_event])
[0x00007ffb1f2fe308] Threads_lock - owner thread: 0x0000021cad3cc700
[0x00007ffb1f2fe408] Heap_lock - owner thread: 0x0000021d09a9ddb0

Heap address: 0x00000000c0000000, size: 1024 MB, Compressed Oops mode: 32-bit

CDS archive(s) mapped at: [0x0000021cc2000000-0x0000021cc2ba0000-0x0000021cc2ba0000), size 12189696, SharedBaseAddress: 0x0000021cc2000000, ArchiveRelocationMode: 1.
Compressed class space mapped at: 0x0000021cc3000000-0x0000021d03000000, reserved size: 1073741824
Narrow klass base: 0x0000021cc2000000, Narrow klass shift: 0, Narrow klass range: 0x100000000

GC Precious Log:
 CardTable entry size: 512
 CPUs: 2 total, 2 available
 Memory: 18308M
 Large Page Support: Disabled
 NUMA Support: Disabled
 Compressed Oops: Enabled (32-bit)
 Alignments: Space 512K, Generation 512K, Heap 2M
 Heap Min Capacity: 100M
 Heap Initial Capacity: 100M
 Heap Max Capacity: 1G
 Pre-touch: Disabled
 Parallel Workers: 2

Heap:
 PSYoungGen      total 10752K, used 10734K [0x00000000eab00000, 0x00000000eb980000, 0x0000000100000000)
  eden space 8704K, 100% used [0x00000000eab00000,0x00000000eb380000,0x00000000eb380000)
  from space 2048K, 99% used [0x00000000eb580000,0x00000000eb77bbb8,0x00000000eb780000)
  to   space 2048K, 99% used [0x00000000eb780000,0x00000000eb97fb88,0x00000000eb980000)
 ParOldGen       total 599552K, used 599076K [0x00000000c0000000, 0x00000000e4980000, 0x00000000eab00000)
  object space 599552K, 99% used [0x00000000c0000000,0x00000000e49093d8,0x00000000e4980000)
 Metaspace       used 97653K, committed 99328K, reserved 1179648K
  class space    used 9563K, committed 10368K, reserved 1048576K

Card table byte_map: [0x0000021caccb0000,0x0000021cacec0000] _byte_map_base: 0x0000021cac6b0000

Marking Bits: (ParMarkBitMap*) 0x00007ffb1f3031f0
 Begin Bits: [0x0000021cbf500000, 0x0000021cc0500000)
 End Bits:   [0x0000021cc0500000, 0x0000021cc1500000)

Polling page: 0x0000021cab190000

Metaspace:

Usage:
  Non-class:     86.03 MB used.
      Class:      9.34 MB used.
       Both:     95.36 MB used.

Virtual space:
  Non-class space:      128.00 MB reserved,      86.88 MB ( 68%) committed,  2 nodes.
      Class space:        1.00 GB reserved,      10.12 MB ( <1%) committed,  1 nodes.
             Both:        1.12 GB reserved,      97.00 MB (  8%) committed. 

Chunk freelists:
   Non-Class:  9.05 MB
       Class:  5.67 MB
        Both:  14.71 MB

MaxMetaspaceSize: unlimited
CompressedClassSpaceSize: 1.00 GB
Initial GC threshold: 21.00 MB
Current GC threshold: 161.38 MB
CDS: on
 - commit_granule_bytes: 65536.
 - commit_granule_words: 8192.
 - virtual_space_node_default_size: 8388608.
 - enlarge_chunks_in_place: 1.
 - use_allocation_guard: 0.


Internal statistics:

num_allocs_failed_limit: 9.
num_arena_births: 2030.
num_arena_deaths: 560.
num_vsnodes_births: 3.
num_vsnodes_deaths: 0.
num_space_committed: 1552.
num_space_uncommitted: 0.
num_chunks_returned_to_freelist: 645.
num_chunks_taken_from_freelist: 6976.
num_chunk_merges: 164.
num_chunk_splits: 4040.
num_chunks_enlarged: 2308.
num_inconsistent_stats: 0.

CodeHeap 'non-profiled nmethods': size=120064Kb used=20221Kb max_used=21537Kb free=99842Kb
 bounds [0x0000021cb7fc0000, 0x0000021cb9500000, 0x0000021cbf500000]
CodeHeap 'profiled nmethods': size=120000Kb used=28314Kb max_used=53236Kb free=91685Kb
 bounds [0x0000021cb0500000, 0x0000021cb3900000, 0x0000021cb7a30000]
CodeHeap 'non-nmethods': size=5696Kb used=1541Kb max_used=1605Kb free=4154Kb
 bounds [0x0000021cb7a30000, 0x0000021cb7ca0000, 0x0000021cb7fc0000]
 total_blobs=14108 nmethods=13240 adapters=770
 compilation: enabled
              stopped_count=0, restarted_count=0
 full_count=0

Compilation events (20 events):
Event: 9507.328 Thread 0x0000021cc1605940 nmethod 30052 0x0000021cb8fc7110 code [0x0000021cb8fc74c0, 0x0000021cb8fc8d28]
Event: 9507.328 Thread 0x0000021cc1605940 30053   !   4       org.eclipse.jdt.internal.compiler.parser.diagnose.DiagnoseParser::diagnoseParse0 (1345 bytes)
Event: 9507.329 Thread 0x0000021cc1674f90 30054       3       org.eclipse.jdt.internal.core.ReconcileWorkingCopyOperation::notifyParticipants (81 bytes)
Event: 9507.330 Thread 0x0000021cc1674f90 nmethod 30054 0x0000021cb0eba310 code [0x0000021cb0eba600, 0x0000021cb0ebb7d0]
Event: 9507.330 Thread 0x0000021cc1674f90 30055       3       org.eclipse.jdt.core.compiler.CompilationParticipant::reconcile (1 bytes)
Event: 9507.331 Thread 0x0000021cc1674f90 nmethod 30055 0x0000021cb0ad8010 code [0x0000021cb0ad81a0, 0x0000021cb0ad82a8]
Event: 9507.519 Thread 0x0000021cc1605940 nmethod 30053 0x0000021cb8258d10 code [0x0000021cb82592c0, 0x0000021cb825e028]
Event: 9507.581 Thread 0x0000021cc1605940 30056   !   4       org.eclipse.jdt.internal.compiler.parser.diagnose.DiagnoseParser::diagnoseParse0 (1345 bytes)
Event: 9507.599 Thread 0x0000021cc1674f90 30057       3       org.eclipse.jdt.internal.compiler.parser.diagnose.DiagnoseParser::primaryPhase (557 bytes)
Event: 9507.600 Thread 0x0000021cc1674f90 nmethod 30057 0x0000021cb1720090 code [0x0000021cb17203c0, 0x0000021cb1721630]
Event: 9507.611 Thread 0x0000021cc1674f90 30058       3       org.eclipse.jdt.internal.compiler.ast.TypeReference::reportInvalidType (13 bytes)
Event: 9507.611 Thread 0x0000021cc1674f90 nmethod 30058 0x0000021cb0b0a710 code [0x0000021cb0b0a8e0, 0x0000021cb0b0ab88]
Event: 9507.669 Thread 0x0000021cc1674f90 30060       3       com.google.gson.internal.LazilyParsedNumber::<init> (10 bytes)
Event: 9507.669 Thread 0x0000021cc1674f90 nmethod 30060 0x0000021cb0adc410 code [0x0000021cb0adc5c0, 0x0000021cb0adc7a8]
Event: 9507.729 Thread 0x0000021cc1605940 nmethod 30056 0x0000021cb894e110 code [0x0000021cb894e6e0, 0x0000021cb8953450]
Event: 9507.729 Thread 0x0000021cc1605940 30059       4       org.eclipse.jdt.core.dom.ASTSyntaxErrorPropagator::checkAndTagAsMalformed (379 bytes)
Event: 9507.735 Thread 0x0000021cc1605940 nmethod 30059 0x0000021cb912ca10 code [0x0000021cb912cbc0, 0x0000021cb912ce98]
Event: 9507.736 Thread 0x0000021cc1674f90 30061       3       org.eclipse.jdt.internal.core.CompilationUnit::makeConsistent (11 bytes)
Event: 9507.736 Thread 0x0000021cc1674f90 nmethod 30061 0x0000021cb0b34990 code [0x0000021cb0b34b40, 0x0000021cb0b34d28]
Event: 9507.756 Thread 0x0000021cc1605940 30062       4       java.util.TimSort::mergeLo (659 bytes)

GC Heap History (20 events):
Event: 9506.322 GC heap after
{Heap after GC invocations=5080 (full 11):
 PSYoungGen      total 9216K, used 510K [0x00000000eab00000, 0x00000000ebc80000, 0x0000000100000000)
  eden space 8704K, 0% used [0x00000000eab00000,0x00000000eab00000,0x00000000eb380000)
  from space 512K, 99% used [0x00000000ebc00000,0x00000000ebc7fb68,0x00000000ebc80000)
  to   space 1024K, 0% used [0x00000000eba80000,0x00000000eba80000,0x00000000ebb80000)
 ParOldGen       total 588800K, used 588732K [0x00000000c0000000, 0x00000000e3f00000, 0x00000000eab00000)
  object space 588800K, 99% used [0x00000000c0000000,0x00000000e3eef058,0x00000000e3f00000)
 Metaspace       used 97642K, committed 99328K, reserved 1179648K
  class space    used 9563K, committed 10368K, reserved 1048576K
}
Event: 9506.525 GC heap before
{Heap before GC invocations=5081 (full 11):
 PSYoungGen      total 9216K, used 9214K [0x00000000eab00000, 0x00000000ebc80000, 0x0000000100000000)
  eden space 8704K, 100% used [0x00000000eab00000,0x00000000eb380000,0x00000000eb380000)
  from space 512K, 99% used [0x00000000ebc00000,0x00000000ebc7fb68,0x00000000ebc80000)
  to   space 1024K, 0% used [0x00000000eba80000,0x00000000eba80000,0x00000000ebb80000)
 ParOldGen       total 588800K, used 588732K [0x00000000c0000000, 0x00000000e3f00000, 0x00000000eab00000)
  object space 588800K, 99% used [0x00000000c0000000,0x00000000e3eef058,0x00000000e3f00000)
 Metaspace       used 97643K, committed 99328K, reserved 1179648K
  class space    used 9563K, committed 10368K, reserved 1048576K
}
Event: 9506.529 GC heap after
{Heap after GC invocations=5081 (full 11):
 PSYoungGen      total 9728K, used 1024K [0x00000000eab00000, 0x00000000ebc80000, 0x0000000100000000)
  eden space 8704K, 0% used [0x00000000eab00000,0x00000000eab00000,0x00000000eb380000)
  from space 1024K, 100% used [0x00000000eba80000,0x00000000ebb80000,0x00000000ebb80000)
  to   space 1024K, 0% used [0x00000000ebb80000,0x00000000ebb80000,0x00000000ebc80000)
 ParOldGen       total 589824K, used 589672K [0x00000000c0000000, 0x00000000e4000000, 0x00000000eab00000)
  object space 589824K, 99% used [0x00000000c0000000,0x00000000e3fda020,0x00000000e4000000)
 Metaspace       used 97643K, committed 99328K, reserved 1179648K
  class space    used 9563K, committed 10368K, reserved 1048576K
}
Event: 9506.615 GC heap before
{Heap before GC invocations=5082 (full 11):
 PSYoungGen      total 9728K, used 9728K [0x00000000eab00000, 0x00000000ebc80000, 0x0000000100000000)
  eden space 8704K, 100% used [0x00000000eab00000,0x00000000eb380000,0x00000000eb380000)
  from space 1024K, 100% used [0x00000000eba80000,0x00000000ebb80000,0x00000000ebb80000)
  to   space 1024K, 0% used [0x00000000ebb80000,0x00000000ebb80000,0x00000000ebc80000)
 ParOldGen       total 589824K, used 589672K [0x00000000c0000000, 0x00000000e4000000, 0x00000000eab00000)
  object space 589824K, 99% used [0x00000000c0000000,0x00000000e3fda020,0x00000000e4000000)
 Metaspace       used 97643K, committed 99328K, reserved 1179648K
  class space    used 9563K, committed 10368K, reserved 1048576K
}
Event: 9506.622 GC heap after
{Heap after GC invocations=5082 (full 11):
 PSYoungGen      total 9728K, used 1020K [0x00000000eab00000, 0x00000000ebc80000, 0x0000000100000000)
  eden space 8704K, 0% used [0x00000000eab00000,0x00000000eab00000,0x00000000eb380000)
  from space 1024K, 99% used [0x00000000ebb80000,0x00000000ebc7f250,0x00000000ebc80000)
  to   space 4608K, 0% used [0x00000000eb380000,0x00000000eb380000,0x00000000eb800000)
 ParOldGen       total 592896K, used 592392K [0x00000000c0000000, 0x00000000e4300000, 0x00000000eab00000)
  object space 592896K, 99% used [0x00000000c0000000,0x00000000e4282090,0x00000000e4300000)
 Metaspace       used 97643K, committed 99328K, reserved 1179648K
  class space    used 9563K, committed 10368K, reserved 1048576K
}
Event: 9506.769 GC heap before
{Heap before GC invocations=5083 (full 11):
 PSYoungGen      total 9728K, used 9724K [0x00000000eab00000, 0x00000000ebc80000, 0x0000000100000000)
  eden space 8704K, 99% used [0x00000000eab00000,0x00000000eb37ffe8,0x00000000eb380000)
  from space 1024K, 99% used [0x00000000ebb80000,0x00000000ebc7f250,0x00000000ebc80000)
  to   space 4608K, 0% used [0x00000000eb380000,0x00000000eb380000,0x00000000eb800000)
 ParOldGen       total 592896K, used 592392K [0x00000000c0000000, 0x00000000e4300000, 0x00000000eab00000)
  object space 592896K, 99% used [0x00000000c0000000,0x00000000e4282090,0x00000000e4300000)
 Metaspace       used 97644K, committed 99328K, reserved 1179648K
  class space    used 9563K, committed 10368K, reserved 1048576K
}
Event: 9506.774 GC heap after
{Heap after GC invocations=5083 (full 11):
 PSYoungGen      total 13312K, used 1214K [0x00000000eab00000, 0x00000000ebc00000, 0x0000000100000000)
  eden space 8704K, 0% used [0x00000000eab00000,0x00000000eab00000,0x00000000eb380000)
  from space 4608K, 26% used [0x00000000eb380000,0x00000000eb4afb90,0x00000000eb800000)
  to   space 2560K, 0% used [0x00000000eb980000,0x00000000eb980000,0x00000000ebc00000)
 ParOldGen       total 593408K, used 593345K [0x00000000c0000000, 0x00000000e4380000, 0x00000000eab00000)
  object space 593408K, 99% used [0x00000000c0000000,0x00000000e4370780,0x00000000e4380000)
 Metaspace       used 97644K, committed 99328K, reserved 1179648K
  class space    used 9563K, committed 10368K, reserved 1048576K
}
Event: 9506.967 GC heap before
{Heap before GC invocations=5084 (full 11):
 PSYoungGen      total 13312K, used 9918K [0x00000000eab00000, 0x00000000ebc00000, 0x0000000100000000)
  eden space 8704K, 100% used [0x00000000eab00000,0x00000000eb380000,0x00000000eb380000)
  from space 4608K, 26% used [0x00000000eb380000,0x00000000eb4afb90,0x00000000eb800000)
  to   space 2560K, 0% used [0x00000000eb980000,0x00000000eb980000,0x00000000ebc00000)
 ParOldGen       total 593408K, used 593345K [0x00000000c0000000, 0x00000000e4380000, 0x00000000eab00000)
  object space 593408K, 99% used [0x00000000c0000000,0x00000000e4370780,0x00000000e4380000)
 Metaspace       used 97644K, committed 99328K, reserved 1179648K
  class space    used 9563K, committed 10368K, reserved 1048576K
}
Event: 9506.976 GC heap after
{Heap after GC invocations=5084 (full 11):
 PSYoungGen      total 10752K, used 1661K [0x00000000eab00000, 0x00000000ebb80000, 0x0000000100000000)
  eden space 8704K, 0% used [0x00000000eab00000,0x00000000eab00000,0x00000000eb380000)
  from space 2048K, 81% used [0x00000000eb980000,0x00000000ebb1f740,0x00000000ebb80000)
  to   space 2048K, 0% used [0x00000000eb780000,0x00000000eb780000,0x00000000eb980000)
 ParOldGen       total 594944K, used 594479K [0x00000000c0000000, 0x00000000e4500000, 0x00000000eab00000)
  object space 594944K, 99% used [0x00000000c0000000,0x00000000e448be90,0x00000000e4500000)
 Metaspace       used 97644K, committed 99328K, reserved 1179648K
  class space    used 9563K, committed 10368K, reserved 1048576K
}
Event: 9506.994 GC heap before
{Heap before GC invocations=5085 (full 11):
 PSYoungGen      total 10752K, used 10365K [0x00000000eab00000, 0x00000000ebb80000, 0x0000000100000000)
  eden space 8704K, 100% used [0x00000000eab00000,0x00000000eb380000,0x00000000eb380000)
  from space 2048K, 81% used [0x00000000eb980000,0x00000000ebb1f740,0x00000000ebb80000)
  to   space 2048K, 0% used [0x00000000eb780000,0x00000000eb780000,0x00000000eb980000)
 ParOldGen       total 594944K, used 594479K [0x00000000c0000000, 0x00000000e4500000, 0x00000000eab00000)
  object space 594944K, 99% used [0x00000000c0000000,0x00000000e448be90,0x00000000e4500000)
 Metaspace       used 97644K, committed 99328K, reserved 1179648K
  class space    used 9563K, committed 10368K, reserved 1048576K
}
Event: 9506.997 GC heap after
{Heap after GC invocations=5085 (full 11):
 PSYoungGen      total 9216K, used 64K [0x00000000eab00000, 0x00000000eba00000, 0x0000000100000000)
  eden space 8704K, 0% used [0x00000000eab00000,0x00000000eab00000,0x00000000eb380000)
  from space 512K, 12% used [0x00000000eb780000,0x00000000eb790000,0x00000000eb800000)
  to   space 1024K, 0% used [0x00000000eb900000,0x00000000eb900000,0x00000000eba00000)
 ParOldGen       total 595968K, used 595510K [0x00000000c0000000, 0x00000000e4600000, 0x00000000eab00000)
  object space 595968K, 99% used [0x00000000c0000000,0x00000000e458da40,0x00000000e4600000)
 Metaspace       used 97644K, committed 99328K, reserved 1179648K
  class space    used 9563K, committed 10368K, reserved 1048576K
}
Event: 9507.088 GC heap before
{Heap before GC invocations=5086 (full 11):
 PSYoungGen      total 9216K, used 8767K [0x00000000eab00000, 0x00000000eba00000, 0x0000000100000000)
  eden space 8704K, 99% used [0x00000000eab00000,0x00000000eb37fff8,0x00000000eb380000)
  from space 512K, 12% used [0x00000000eb780000,0x00000000eb790000,0x00000000eb800000)
  to   space 1024K, 0% used [0x00000000eb900000,0x00000000eb900000,0x00000000eba00000)
 ParOldGen       total 595968K, used 595510K [0x00000000c0000000, 0x00000000e4600000, 0x00000000eab00000)
  object space 595968K, 99% used [0x00000000c0000000,0x00000000e458da40,0x00000000e4600000)
 Metaspace       used 97644K, committed 99328K, reserved 1179648K
  class space    used 9563K, committed 10368K, reserved 1048576K
}
Event: 9507.090 GC heap after
{Heap after GC invocations=5086 (full 11):
 PSYoungGen      total 9728K, used 720K [0x00000000eab00000, 0x00000000eba00000, 0x0000000100000000)
  eden space 8704K, 0% used [0x00000000eab00000,0x00000000eab00000,0x00000000eb380000)
  from space 1024K, 70% used [0x00000000eb900000,0x00000000eb9b4030,0x00000000eba00000)
  to   space 1024K, 0% used [0x00000000eb800000,0x00000000eb800000,0x00000000eb900000)
 ParOldGen       total 595968K, used 595534K [0x00000000c0000000, 0x00000000e4600000, 0x00000000eab00000)
  object space 595968K, 99% used [0x00000000c0000000,0x00000000e4593a40,0x00000000e4600000)
 Metaspace       used 97644K, committed 99328K, reserved 1179648K
  class space    used 9563K, committed 10368K, reserved 1048576K
}
Event: 9507.299 GC heap before
{Heap before GC invocations=5087 (full 11):
 PSYoungGen      total 9728K, used 9424K [0x00000000eab00000, 0x00000000eba00000, 0x0000000100000000)
  eden space 8704K, 100% used [0x00000000eab00000,0x00000000eb380000,0x00000000eb380000)
  from space 1024K, 70% used [0x00000000eb900000,0x00000000eb9b4030,0x00000000eba00000)
  to   space 1024K, 0% used [0x00000000eb800000,0x00000000eb800000,0x00000000eb900000)
 ParOldGen       total 595968K, used 595534K [0x00000000c0000000, 0x00000000e4600000, 0x00000000eab00000)
  object space 595968K, 99% used [0x00000000c0000000,0x00000000e4593a40,0x00000000e4600000)
 Metaspace       used 97644K, committed 99328K, reserved 1179648K
  class space    used 9563K, committed 10368K, reserved 1048576K
}
Event: 9507.303 GC heap after
{Heap after GC invocations=5087 (full 11):
 PSYoungGen      total 9728K, used 670K [0x00000000eab00000, 0x00000000eb980000, 0x0000000100000000)
  eden space 8704K, 0% used [0x00000000eab00000,0x00000000eab00000,0x00000000eb380000)
  from space 1024K, 65% used [0x00000000eb800000,0x00000000eb8a7b90,0x00000000eb900000)
  to   space 512K, 0% used [0x00000000eb900000,0x00000000eb900000,0x00000000eb980000)
 ParOldGen       total 595968K, used 595550K [0x00000000c0000000, 0x00000000e4600000, 0x00000000eab00000)
  object space 595968K, 99% used [0x00000000c0000000,0x00000000e4597a40,0x00000000e4600000)
 Metaspace       used 97644K, committed 99328K, reserved 1179648K
  class space    used 9563K, committed 10368K, reserved 1048576K
}
Event: 9507.345 GC heap before
{Heap before GC invocations=5088 (full 11):
 PSYoungGen      total 9728K, used 9374K [0x00000000eab00000, 0x00000000eb980000, 0x0000000100000000)
  eden space 8704K, 100% used [0x00000000eab00000,0x00000000eb380000,0x00000000eb380000)
  from space 1024K, 65% used [0x00000000eb800000,0x00000000eb8a7b90,0x00000000eb900000)
  to   space 512K, 0% used [0x00000000eb900000,0x00000000eb900000,0x00000000eb980000)
 ParOldGen       total 595968K, used 595550K [0x00000000c0000000, 0x00000000e4600000, 0x00000000eab00000)
  object space 595968K, 99% used [0x00000000c0000000,0x00000000e4597a40,0x00000000e4600000)
 Metaspace       used 97647K, committed 99328K, reserved 1179648K
  class space    used 9563K, committed 10368K, reserved 1048576K
}
Event: 9507.349 GC heap after
{Heap after GC invocations=5088 (full 11):
 PSYoungGen      total 9216K, used 510K [0x00000000eab00000, 0x00000000eb980000, 0x0000000100000000)
  eden space 8704K, 0% used [0x00000000eab00000,0x00000000eab00000,0x00000000eb380000)
  from space 512K, 99% used [0x00000000eb900000,0x00000000eb97fb70,0x00000000eb980000)
  to   space 2048K, 0% used [0x00000000eb580000,0x00000000eb580000,0x00000000eb780000)
 ParOldGen       total 596992K, used 596630K [0x00000000c0000000, 0x00000000e4700000, 0x00000000eab00000)
  object space 596992K, 99% used [0x00000000c0000000,0x00000000e46a5a70,0x00000000e4700000)
 Metaspace       used 97647K, committed 99328K, reserved 1179648K
  class space    used 9563K, committed 10368K, reserved 1048576K
}
Event: 9507.619 GC heap before
{Heap before GC invocations=5089 (full 11):
 PSYoungGen      total 9216K, used 9214K [0x00000000eab00000, 0x00000000eb980000, 0x0000000100000000)
  eden space 8704K, 100% used [0x00000000eab00000,0x00000000eb380000,0x00000000eb380000)
  from space 512K, 99% used [0x00000000eb900000,0x00000000eb97fb70,0x00000000eb980000)
  to   space 2048K, 0% used [0x00000000eb580000,0x00000000eb580000,0x00000000eb780000)
 ParOldGen       total 596992K, used 596630K [0x00000000c0000000, 0x00000000e4700000, 0x00000000eab00000)
  object space 596992K, 99% used [0x00000000c0000000,0x00000000e46a5a70,0x00000000e4700000)
 Metaspace       used 97653K, committed 99328K, reserved 1179648K
  class space    used 9563K, committed 10368K, reserved 1048576K
}
Event: 9507.625 GC heap after
{Heap after GC invocations=5089 (full 11):
 PSYoungGen      total 10752K, used 2030K [0x00000000eab00000, 0x00000000eb980000, 0x0000000100000000)
  eden space 8704K, 0% used [0x00000000eab00000,0x00000000eab00000,0x00000000eb380000)
  from space 2048K, 99% used [0x00000000eb580000,0x00000000eb77bbb8,0x00000000eb780000)
  to   space 2048K, 0% used [0x00000000eb780000,0x00000000eb780000,0x00000000eb980000)
 ParOldGen       total 597504K, used 597275K [0x00000000c0000000, 0x00000000e4780000, 0x00000000eab00000)
  object space 597504K, 99% used [0x00000000c0000000,0x00000000e4746ef0,0x00000000e4780000)
 Metaspace       used 97653K, committed 99328K, reserved 1179648K
  class space    used 9563K, committed 10368K, reserved 1048576K
}
Event: 9507.770 GC heap before
{Heap before GC invocations=5090 (full 11):
 PSYoungGen      total 10752K, used 10734K [0x00000000eab00000, 0x00000000eb980000, 0x0000000100000000)
  eden space 8704K, 100% used [0x00000000eab00000,0x00000000eb380000,0x00000000eb380000)
  from space 2048K, 99% used [0x00000000eb580000,0x00000000eb77bbb8,0x00000000eb780000)
  to   space 2048K, 0% used [0x00000000eb780000,0x00000000eb780000,0x00000000eb980000)
 ParOldGen       total 597504K, used 597275K [0x00000000c0000000, 0x00000000e4780000, 0x00000000eab00000)
  object space 597504K, 99% used [0x00000000c0000000,0x00000000e4746ef0,0x00000000e4780000)
 Metaspace       used 97653K, committed 99328K, reserved 1179648K
  class space    used 9563K, committed 10368K, reserved 1048576K
}

Dll operation events (12 events):
Event: 0.010 Loaded shared library c:\Users\a\.vscode\extensions\redhat.java-1.42.0-win32-x64\jre\21.0.7-win32-x86_64\bin\java.dll
Event: 0.251 Loaded shared library c:\Users\a\.vscode\extensions\redhat.java-1.42.0-win32-x64\jre\21.0.7-win32-x86_64\bin\zip.dll
Event: 0.290 Loaded shared library C:\Users\a\.vscode\extensions\redhat.java-1.42.0-win32-x64\jre\21.0.7-win32-x86_64\bin\instrument.dll
Event: 0.340 Loaded shared library C:\Users\a\.vscode\extensions\redhat.java-1.42.0-win32-x64\jre\21.0.7-win32-x86_64\bin\net.dll
Event: 0.345 Loaded shared library C:\Users\a\.vscode\extensions\redhat.java-1.42.0-win32-x64\jre\21.0.7-win32-x86_64\bin\nio.dll
Event: 0.349 Loaded shared library C:\Users\a\.vscode\extensions\redhat.java-1.42.0-win32-x64\jre\21.0.7-win32-x86_64\bin\zip.dll
Event: 0.423 Loaded shared library C:\Users\a\.vscode\extensions\redhat.java-1.42.0-win32-x64\jre\21.0.7-win32-x86_64\bin\jimage.dll
Event: 0.928 Loaded shared library c:\Users\a\.vscode\extensions\redhat.java-1.42.0-win32-x64\jre\21.0.7-win32-x86_64\bin\verify.dll
Event: 4.349 Loaded shared library C:\Users\a\AppData\Roaming\Code\User\globalStorage\redhat.java\1.42.0\config_win\org.eclipse.equinox.launcher\org.eclipse.equinox.launcher.win32.win32.x86_64_1.2.1300.v20250331-1702\eclipse_11911.dll
Event: 10.148 Loaded shared library C:\Users\a\AppData\Local\Temp\jna-97\jna11196153824895746508.dll
Event: 21.315 Loaded shared library C:\Users\a\.vscode\extensions\redhat.java-1.42.0-win32-x64\jre\21.0.7-win32-x86_64\bin\sunmscapi.dll
Event: 24.915 Loaded shared library C:\Users\a\.vscode\extensions\redhat.java-1.42.0-win32-x64\jre\21.0.7-win32-x86_64\bin\extnet.dll

Deoptimization events (20 events):
Event: 9506.286 Thread 0x0000021d088d3f20 DEOPT PACKING pc=0x0000021cb8065e0c sp=0x000000c1270fe750
Event: 9506.286 Thread 0x0000021d088d3f20 DEOPT UNPACKING pc=0x0000021cb7a83aa2 sp=0x000000c1270fe708 mode 2
Event: 9506.286 Thread 0x0000021d088d3f20 Uncommon trap: trap_request=0xffffff45 fr.pc=0x0000021cb8671810 relative=0x00000000000003f0
Event: 9506.286 Thread 0x0000021d088d3f20 Uncommon trap: reason=unstable_if action=reinterpret pc=0x0000021cb8671810 method=org.eclipse.jdt.internal.codeassist.complete.CompletionScanner.getNextToken0()Lorg/eclipse/jdt/internal/compiler/parser/TerminalToken; @ 484 c2
Event: 9506.286 Thread 0x0000021d088d3f20 DEOPT PACKING pc=0x0000021cb8671810 sp=0x000000c1270fe750
Event: 9506.286 Thread 0x0000021d088d3f20 DEOPT UNPACKING pc=0x0000021cb7a83aa2 sp=0x000000c1270fe6a0 mode 2
Event: 9507.295 Thread 0x0000021d09aa2c70 DEOPT PACKING pc=0x0000021cb08ad832 sp=0x000000c1268fe4e0
Event: 9507.295 Thread 0x0000021d09aa2c70 DEOPT UNPACKING pc=0x0000021cb7a84242 sp=0x000000c1268fda30 mode 0
Event: 9507.581 Thread 0x0000021d09aa2c70 Uncommon trap: trap_request=0xffffff6e fr.pc=0x0000021cb825c324 relative=0x0000000000003064
Event: 9507.581 Thread 0x0000021d09aa2c70 Uncommon trap: reason=loop_limit_check action=maybe_recompile pc=0x0000021cb825c324 method=org.eclipse.jdt.internal.compiler.parser.diagnose.DiagnoseParser.diagnoseParse0(Z)V @ 371 c2
Event: 9507.581 Thread 0x0000021d09aa2c70 DEOPT PACKING pc=0x0000021cb825c324 sp=0x000000c1268fe970
Event: 9507.581 Thread 0x0000021d09aa2c70 DEOPT UNPACKING pc=0x0000021cb7a83aa2 sp=0x000000c1268fe900 mode 2
Event: 9507.581 Thread 0x0000021d09aa2c70 Uncommon trap: trap_request=0xffffff6e fr.pc=0x0000021cb8ba7f68 relative=0x0000000000001808
Event: 9507.581 Thread 0x0000021d09aa2c70 Uncommon trap: reason=loop_limit_check action=maybe_recompile pc=0x0000021cb8ba7f68 method=org.eclipse.jdt.internal.compiler.parser.diagnose.DiagnoseParser.diagnoseParse0(Z)V @ 785 c2
Event: 9507.581 Thread 0x0000021d09aa2c70 DEOPT PACKING pc=0x0000021cb8ba7f68 sp=0x000000c1268fe960
Event: 9507.581 Thread 0x0000021d09aa2c70 DEOPT UNPACKING pc=0x0000021cb7a83aa2 sp=0x000000c1268fe900 mode 2
Event: 9507.599 Thread 0x0000021d09aa0510 Uncommon trap: trap_request=0xffffff6e fr.pc=0x0000021cb8e26110 relative=0x00000000000019d0
Event: 9507.599 Thread 0x0000021d09aa0510 Uncommon trap: reason=loop_limit_check action=maybe_recompile pc=0x0000021cb8e26110 method=org.eclipse.jdt.internal.compiler.parser.diagnose.DiagnoseParser.diagnoseParse0(Z)V @ 831 c2
Event: 9507.599 Thread 0x0000021d09aa0510 DEOPT PACKING pc=0x0000021cb8e26110 sp=0x000000c12761dff0
Event: 9507.599 Thread 0x0000021d09aa0510 DEOPT UNPACKING pc=0x0000021cb7a83aa2 sp=0x000000c12761df90 mode 2

Classes loaded (20 events):
Event: 1230.098 Loading class java/util/stream/ReferencePipeline$15
Event: 1230.099 Loading class java/util/stream/ReferencePipeline$15 done
Event: 1230.099 Loading class java/util/stream/ReferencePipeline$15$1
Event: 1230.099 Loading class java/util/stream/ReferencePipeline$15$1 done
Event: 2304.985 Loading class java/util/concurrent/ConcurrentLinkedQueue$Itr
Event: 2304.986 Loading class java/util/concurrent/ConcurrentLinkedQueue$Itr done
Event: 2305.344 Loading class sun/security/ssl/Alert$AlertMessage
Event: 2305.344 Loading class sun/security/ssl/Alert$AlertMessage done
Event: 3270.607 Loading class java/util/Spliterators$IntArraySpliterator
Event: 3270.608 Loading class java/util/Spliterators$IntArraySpliterator done
Event: 3288.550 Loading class java/nio/channels/CompletionHandler
Event: 3288.551 Loading class java/nio/channels/CompletionHandler done
Event: 8923.660 Loading class java/util/concurrent/ConcurrentHashMap$TreeNode
Event: 8923.661 Loading class java/util/concurrent/ConcurrentHashMap$TreeNode done
Event: 8923.661 Loading class java/util/concurrent/ConcurrentHashMap$TreeBin
Event: 8923.661 Loading class java/util/concurrent/ConcurrentHashMap$TreeBin done
Event: 8948.316 Loading class java/io/Console
Event: 8948.316 Loading class java/io/Console done
Event: 8948.713 Loading class jdk/internal/math/FDBigInteger
Event: 8948.714 Loading class jdk/internal/math/FDBigInteger done

Classes unloaded (20 events):
Event: 8922.621 Thread 0x0000021cad3cc700 Unloading class 0x0000021cc3a41c00 'java/lang/invoke/LambdaForm$MH+0x0000021cc3a41c00'
Event: 8922.621 Thread 0x0000021cad3cc700 Unloading class 0x0000021cc3a41800 'java/lang/invoke/LambdaForm$MH+0x0000021cc3a41800'
Event: 8922.621 Thread 0x0000021cad3cc700 Unloading class 0x0000021cc3a41000 'java/lang/invoke/LambdaForm$MH+0x0000021cc3a41000'
Event: 8922.621 Thread 0x0000021cad3cc700 Unloading class 0x0000021cc3a40c00 'java/lang/invoke/LambdaForm$MH+0x0000021cc3a40c00'
Event: 8922.621 Thread 0x0000021cad3cc700 Unloading class 0x0000021cc3a40800 'java/lang/invoke/LambdaForm$MH+0x0000021cc3a40800'
Event: 8922.621 Thread 0x0000021cad3cc700 Unloading class 0x0000021cc3a40000 'java/lang/invoke/LambdaForm$MH+0x0000021cc3a40000'
Event: 8922.621 Thread 0x0000021cad3cc700 Unloading class 0x0000021cc31a6800 'java/lang/invoke/LambdaForm$MH+0x0000021cc31a6800'
Event: 8922.621 Thread 0x0000021cad3cc700 Unloading class 0x0000021cc31dd800 'java/lang/invoke/LambdaForm$MH+0x0000021cc31dd800'
Event: 8922.621 Thread 0x0000021cad3cc700 Unloading class 0x0000021cc35d0c00 'java/lang/invoke/LambdaForm$MH+0x0000021cc35d0c00'
Event: 8922.621 Thread 0x0000021cad3cc700 Unloading class 0x0000021cc3836000 'java/lang/invoke/LambdaForm$BMH+0x0000021cc3836000'
Event: 8922.621 Thread 0x0000021cad3cc700 Unloading class 0x0000021cc3098c00 'java/lang/invoke/LambdaForm$MH+0x0000021cc3098c00'
Event: 8922.621 Thread 0x0000021cad3cc700 Unloading class 0x0000021cc301ec00 'java/lang/invoke/LambdaForm$MH+0x0000021cc301ec00'
Event: 8922.621 Thread 0x0000021cad3cc700 Unloading class 0x0000021cc39a0800 'java/lang/invoke/LambdaForm$MH+0x0000021cc39a0800'
Event: 8922.621 Thread 0x0000021cad3cc700 Unloading class 0x0000021cc3a1cc00 'java/lang/invoke/LambdaForm$MH+0x0000021cc3a1cc00'
Event: 8922.621 Thread 0x0000021cad3cc700 Unloading class 0x0000021cc316b800 'java/lang/invoke/LambdaForm$MH+0x0000021cc316b800'
Event: 8922.621 Thread 0x0000021cad3cc700 Unloading class 0x0000021cc301f800 'java/lang/invoke/LambdaForm$MH+0x0000021cc301f800'
Event: 8922.621 Thread 0x0000021cad3cc700 Unloading class 0x0000021cc301e800 'java/lang/invoke/LambdaForm$MH+0x0000021cc301e800'
Event: 8922.621 Thread 0x0000021cad3cc700 Unloading class 0x0000021cc301e400 'java/lang/invoke/LambdaForm$MH+0x0000021cc301e400'
Event: 8922.621 Thread 0x0000021cad3cc700 Unloading class 0x0000021cc301dc00 'java/lang/invoke/LambdaForm$MH+0x0000021cc301dc00'
Event: 8922.621 Thread 0x0000021cad3cc700 Unloading class 0x0000021cc301d400 'java/lang/invoke/LambdaForm$MH+0x0000021cc301d400'

Classes redefined (0 events):
No events

Internal exceptions (20 events):
Event: 9443.469 Thread 0x0000021d07e93cf0 Exception <a 'sun/nio/fs/WindowsException'{0x00000000eab04470}> (0x00000000eab04470) 
thrown [s\src\hotspot\share\prims\jni.cpp, line 520]
Event: 9444.015 Thread 0x0000021d07e93cf0 Exception <a 'sun/nio/fs/WindowsException'{0x00000000eab872e0}> (0x00000000eab872e0) 
thrown [s\src\hotspot\share\prims\jni.cpp, line 520]
Event: 9448.974 Thread 0x0000021d07e93cf0 Exception <a 'sun/nio/fs/WindowsException'{0x00000000eab39bb0}> (0x00000000eab39bb0) 
thrown [s\src\hotspot\share\prims\jni.cpp, line 520]
Event: 9449.395 Thread 0x0000021d07e93cf0 Exception <a 'sun/nio/fs/WindowsException'{0x00000000eab081d0}> (0x00000000eab081d0) 
thrown [s\src\hotspot\share\prims\jni.cpp, line 520]
Event: 9456.219 Thread 0x0000021d07e93cf0 Exception <a 'sun/nio/fs/WindowsException'{0x00000000eac05da0}> (0x00000000eac05da0) 
thrown [s\src\hotspot\share\prims\jni.cpp, line 520]
Event: 9456.641 Thread 0x0000021d07e93cf0 Exception <a 'sun/nio/fs/WindowsException'{0x00000000eab15190}> (0x00000000eab15190) 
thrown [s\src\hotspot\share\prims\jni.cpp, line 520]
Event: 9457.771 Thread 0x0000021d07e93cf0 Exception <a 'sun/nio/fs/WindowsException'{0x00000000ead74570}> (0x00000000ead74570) 
thrown [s\src\hotspot\share\prims\jni.cpp, line 520]
Event: 9458.156 Thread 0x0000021d07e93cf0 Exception <a 'sun/nio/fs/WindowsException'{0x00000000ead5d058}> (0x00000000ead5d058) 
thrown [s\src\hotspot\share\prims\jni.cpp, line 520]
Event: 9463.875 Thread 0x0000021d07e93cf0 Exception <a 'sun/nio/fs/WindowsException'{0x00000000eac4b690}> (0x00000000eac4b690) 
thrown [s\src\hotspot\share\prims\jni.cpp, line 520]
Event: 9464.203 Thread 0x0000021d07e93cf0 Exception <a 'sun/nio/fs/WindowsException'{0x00000000eb35a0f8}> (0x00000000eb35a0f8) 
thrown [s\src\hotspot\share\prims\jni.cpp, line 520]
Event: 9472.344 Thread 0x0000021d07e93cf0 Exception <a 'sun/nio/fs/WindowsException'{0x00000000eabf4ef0}> (0x00000000eabf4ef0) 
thrown [s\src\hotspot\share\prims\jni.cpp, line 520]
Event: 9472.624 Thread 0x0000021d07e93cf0 Exception <a 'sun/nio/fs/WindowsException'{0x00000000eab3e440}> (0x00000000eab3e440) 
thrown [s\src\hotspot\share\prims\jni.cpp, line 520]
Event: 9492.195 Thread 0x0000021d07e93cf0 Exception <a 'sun/nio/fs/WindowsException'{0x00000000eb065270}> (0x00000000eb065270) 
thrown [s\src\hotspot\share\prims\jni.cpp, line 520]
Event: 9492.433 Thread 0x0000021d07e93cf0 Exception <a 'sun/nio/fs/WindowsException'{0x00000000eafc9288}> (0x00000000eafc9288) 
thrown [s\src\hotspot\share\prims\jni.cpp, line 520]
Event: 9506.301 Thread 0x0000021d088d3f20 Exception <a 'java/lang/ArrayIndexOutOfBoundsException'{0x00000000ead4e998}> (0x00000000ead4e998) 
thrown [s\src\hotspot\share\runtime\sharedRuntime.cpp, line 625]
Event: 9506.302 Thread 0x0000021d088d3f20 Exception <a 'java/lang/ArrayIndexOutOfBoundsException'{0x00000000ead4f218}> (0x00000000ead4f218) 
thrown [s\src\hotspot\share\runtime\sharedRuntime.cpp, line 625]
Event: 9506.302 Thread 0x0000021d088d3f20 Exception <a 'java/lang/ArrayIndexOutOfBoundsException'{0x00000000ead4f5a8}> (0x00000000ead4f5a8) 
thrown [s\src\hotspot\share\runtime\sharedRuntime.cpp, line 625]
Event: 9506.518 Thread 0x0000021d088d3f20 Exception <a 'java/lang/ArrayIndexOutOfBoundsException'{0x00000000eb2d51e0}> (0x00000000eb2d51e0) 
thrown [s\src\hotspot\share\runtime\sharedRuntime.cpp, line 625]
Event: 9506.518 Thread 0x0000021d088d3f20 Exception <a 'java/lang/ArrayIndexOutOfBoundsException'{0x00000000eb2d5b20}> (0x00000000eb2d5b20) 
thrown [s\src\hotspot\share\runtime\sharedRuntime.cpp, line 625]
Event: 9506.518 Thread 0x0000021d088d3f20 Exception <a 'java/lang/ArrayIndexOutOfBoundsException'{0x00000000eb2d5eb0}> (0x00000000eb2d5eb0) 
thrown [s\src\hotspot\share\runtime\sharedRuntime.cpp, line 625]

ZGC Phase Switch (0 events):
No events

VM Operations (20 events):
Event: 9506.622 Executing VM operation: ParallelGCFailedAllocation (Allocation Failure) done
Event: 9506.769 Executing VM operation: ParallelGCFailedAllocation (Allocation Failure)
Event: 9506.774 Executing VM operation: ParallelGCFailedAllocation (Allocation Failure) done
Event: 9506.967 Executing VM operation: ParallelGCFailedAllocation (Allocation Failure)
Event: 9506.976 Executing VM operation: ParallelGCFailedAllocation (Allocation Failure) done
Event: 9506.993 Executing VM operation: ParallelGCFailedAllocation (Allocation Failure)
Event: 9506.997 Executing VM operation: ParallelGCFailedAllocation (Allocation Failure) done
Event: 9506.997 Executing VM operation: HandshakeAllThreads (HandshakeForDeflation)
Event: 9506.997 Executing VM operation: HandshakeAllThreads (HandshakeForDeflation) done
Event: 9506.997 Executing VM operation: RendezvousGCThreads
Event: 9506.997 Executing VM operation: RendezvousGCThreads done
Event: 9507.088 Executing VM operation: ParallelGCFailedAllocation (Allocation Failure)
Event: 9507.090 Executing VM operation: ParallelGCFailedAllocation (Allocation Failure) done
Event: 9507.299 Executing VM operation: ParallelGCFailedAllocation (Allocation Failure)
Event: 9507.303 Executing VM operation: ParallelGCFailedAllocation (Allocation Failure) done
Event: 9507.345 Executing VM operation: ParallelGCFailedAllocation (Allocation Failure)
Event: 9507.349 Executing VM operation: ParallelGCFailedAllocation (Allocation Failure) done
Event: 9507.619 Executing VM operation: ParallelGCFailedAllocation (Allocation Failure)
Event: 9507.625 Executing VM operation: ParallelGCFailedAllocation (Allocation Failure) done
Event: 9507.763 Executing VM operation: ParallelGCFailedAllocation (Allocation Failure)

Memory protections (0 events):
No events

Nmethod flushes (20 events):
Event: 9405.497 Thread 0x0000021cad3cc700 flushing  nmethod 0x0000021cb3870910
Event: 9405.497 Thread 0x0000021cad3cc700 flushing  nmethod 0x0000021cb3871590
Event: 9405.497 Thread 0x0000021cad3cc700 flushing  nmethod 0x0000021cb3872f90
Event: 9405.497 Thread 0x0000021cad3cc700 flushing  nmethod 0x0000021cb3873e90
Event: 9405.497 Thread 0x0000021cad3cc700 flushing  nmethod 0x0000021cb387a090
Event: 9405.497 Thread 0x0000021cad3cc700 flushing  nmethod 0x0000021cb387b290
Event: 9405.497 Thread 0x0000021cad3cc700 flushing  nmethod 0x0000021cb3883090
Event: 9405.497 Thread 0x0000021cad3cc700 flushing  nmethod 0x0000021cb3884390
Event: 9405.497 Thread 0x0000021cad3cc700 flushing  nmethod 0x0000021cb3884b10
Event: 9405.497 Thread 0x0000021cad3cc700 flushing  nmethod 0x0000021cb3888890
Event: 9405.497 Thread 0x0000021cad3cc700 flushing  nmethod 0x0000021cb388d890
Event: 9405.497 Thread 0x0000021cad3cc700 flushing  nmethod 0x0000021cb3896010
Event: 9405.497 Thread 0x0000021cad3cc700 flushing  nmethod 0x0000021cb3897890
Event: 9405.497 Thread 0x0000021cad3cc700 flushing  nmethod 0x0000021cb38a1e90
Event: 9405.497 Thread 0x0000021cad3cc700 flushing  nmethod 0x0000021cb38a3310
Event: 9405.497 Thread 0x0000021cad3cc700 flushing  nmethod 0x0000021cb38a8710
Event: 9405.497 Thread 0x0000021cad3cc700 flushing  nmethod 0x0000021cb38ad290
Event: 9405.497 Thread 0x0000021cad3cc700 flushing  nmethod 0x0000021cb38afe90
Event: 9405.497 Thread 0x0000021cad3cc700 flushing  nmethod 0x0000021cb38edc90
Event: 9405.497 Thread 0x0000021cad3cc700 flushing  nmethod 0x0000021cb38f7810

Events (20 events):
Event: 9507.001 Thread 0x0000021d09a9f7f0 Thread exited: 0x0000021d09a9f7f0
Event: 9507.048 Thread 0x0000021d088d3f20 Thread added: 0x0000021d09aa18c0
Event: 9507.048 Thread 0x0000021d088d3f20 Thread added: 0x0000021d09a9ddb0
Event: 9507.059 Thread 0x0000021d09aa18c0 Thread exited: 0x0000021d09aa18c0
Event: 9507.059 Thread 0x0000021d09a9ddb0 Thread exited: 0x0000021d09a9ddb0
Event: 9507.079 Thread 0x0000021d088d3f20 Thread added: 0x0000021d09aa3300
Event: 9507.115 Thread 0x0000021d09aa3300 Thread exited: 0x0000021d09aa3300
Event: 9507.116 Thread 0x0000021d088d3f20 Thread added: 0x0000021d09a9ddb0
Event: 9507.124 Thread 0x0000021d09a9ddb0 Thread exited: 0x0000021d09a9ddb0
Event: 9507.401 Thread 0x0000021d088d3f20 Thread added: 0x0000021d09aa18c0
Event: 9507.404 Thread 0x0000021d088d3f20 Thread added: 0x0000021d09a9d090
Event: 9507.572 Thread 0x0000021d088d3f20 Thread added: 0x0000021d09aa0510
Event: 9507.573 Thread 0x0000021d088d3f20 Thread added: 0x0000021d09a9f7f0
Event: 9507.593 Thread 0x0000021d09aa18c0 Thread exited: 0x0000021d09aa18c0
Event: 9507.594 Thread 0x0000021d09a9d090 Thread exited: 0x0000021d09a9d090
Event: 9507.631 Thread 0x0000021d09aa0510 Thread exited: 0x0000021d09aa0510
Event: 9507.632 Thread 0x0000021d09a9f7f0 Thread exited: 0x0000021d09a9f7f0
Event: 9507.632 Thread 0x0000021d088d3f20 Thread added: 0x0000021d09a9ddb0
Event: 9507.735 Thread 0x0000021d088d3f20 Thread added: 0x0000021d09a9f7f0
Event: 9507.735 Thread 0x0000021d088d3f20 Thread added: 0x0000021d09aa18c0


Dynamic libraries:
0x00007ff67f700000 - 0x00007ff67f70e000 	c:\Users\a\.vscode\extensions\redhat.java-1.42.0-win32-x64\jre\21.0.7-win32-x86_64\bin\java.exe
0x00007ffb98d70000 - 0x00007ffb98f87000 	C:\WINDOWS\SYSTEM32\ntdll.dll
0x00007ffb97170000 - 0x00007ffb97234000 	C:\WINDOWS\System32\KERNEL32.DLL
0x00007ffb96410000 - 0x00007ffb967ca000 	C:\WINDOWS\System32\KERNELBASE.dll
0x00007ffb96040000 - 0x00007ffb96151000 	C:\WINDOWS\System32\ucrtbase.dll
0x00007ffb6d000000 - 0x00007ffb6d018000 	c:\Users\a\.vscode\extensions\redhat.java-1.42.0-win32-x64\jre\21.0.7-win32-x86_64\bin\jli.dll
0x00007ffb98100000 - 0x00007ffb982ae000 	C:\WINDOWS\System32\USER32.dll
0x00007ffb962c0000 - 0x00007ffb962e6000 	C:\WINDOWS\System32\win32u.dll
0x00007ffb97630000 - 0x00007ffb97659000 	C:\WINDOWS\System32\GDI32.dll
0x00007ffb962f0000 - 0x00007ffb9640b000 	C:\WINDOWS\System32\gdi32full.dll
0x00007ffb96220000 - 0x00007ffb962ba000 	C:\WINDOWS\System32\msvcp_win.dll
0x00007ffb5d3f0000 - 0x00007ffb5d40e000 	c:\Users\a\.vscode\extensions\redhat.java-1.42.0-win32-x64\jre\21.0.7-win32-x86_64\bin\VCRUNTIME140.dll
0x00007ffb81070000 - 0x00007ffb81302000 	C:\WINDOWS\WinSxS\amd64_microsoft.windows.common-controls_6595b64144ccf1df_6.0.22621.4541_none_2710d1c57384c085\COMCTL32.dll
0x00007ffb96f80000 - 0x00007ffb97027000 	C:\WINDOWS\System32\msvcrt.dll
0x00007ffb96b60000 - 0x00007ffb96b91000 	C:\WINDOWS\System32\IMM32.DLL
0x00007ffb73f70000 - 0x00007ffb73f7c000 	c:\Users\a\.vscode\extensions\redhat.java-1.42.0-win32-x64\jre\21.0.7-win32-x86_64\bin\vcruntime140_1.dll
0x00007ffb35cd0000 - 0x00007ffb35d5d000 	c:\Users\a\.vscode\extensions\redhat.java-1.42.0-win32-x64\jre\21.0.7-win32-x86_64\bin\msvcp140.dll
0x00007ffb1e650000 - 0x00007ffb1f3e0000 	c:\Users\a\.vscode\extensions\redhat.java-1.42.0-win32-x64\jre\21.0.7-win32-x86_64\bin\server\jvm.dll
0x00007ffb97040000 - 0x00007ffb970f2000 	C:\WINDOWS\System32\ADVAPI32.dll
0x00007ffb98670000 - 0x00007ffb98717000 	C:\WINDOWS\System32\sechost.dll
0x00007ffb967d0000 - 0x00007ffb967f8000 	C:\WINDOWS\System32\bcrypt.dll
0x00007ffb97340000 - 0x00007ffb97454000 	C:\WINDOWS\System32\RPCRT4.dll
0x00007ffb96a70000 - 0x00007ffb96ae1000 	C:\WINDOWS\System32\WS2_32.dll
0x00007ffb95f10000 - 0x00007ffb95f5d000 	C:\WINDOWS\SYSTEM32\POWRPROF.dll
0x00007ffb90570000 - 0x00007ffb905a4000 	C:\WINDOWS\SYSTEM32\WINMM.dll
0x00007ffb8d780000 - 0x00007ffb8d78a000 	C:\WINDOWS\SYSTEM32\VERSION.dll
0x00007ffb95ef0000 - 0x00007ffb95f03000 	C:\WINDOWS\SYSTEM32\UMPDC.dll
0x00007ffb95080000 - 0x00007ffb95098000 	C:\WINDOWS\SYSTEM32\kernel.appcore.dll
0x00007ffb65f30000 - 0x00007ffb65f3a000 	c:\Users\a\.vscode\extensions\redhat.java-1.42.0-win32-x64\jre\21.0.7-win32-x86_64\bin\jimage.dll
0x00007ffb8efb0000 - 0x00007ffb8f1e2000 	C:\WINDOWS\SYSTEM32\DBGHELP.DLL
0x00007ffb96ba0000 - 0x00007ffb96f2f000 	C:\WINDOWS\System32\combase.dll
0x00007ffb97660000 - 0x00007ffb97737000 	C:\WINDOWS\System32\OLEAUT32.dll
0x00007ffb7fcd0000 - 0x00007ffb7fd02000 	C:\WINDOWS\SYSTEM32\dbgcore.DLL
0x00007ffb96880000 - 0x00007ffb968fb000 	C:\WINDOWS\System32\bcryptPrimitives.dll
0x00007ffb5d3e0000 - 0x00007ffb5d3ef000 	c:\Users\a\.vscode\extensions\redhat.java-1.42.0-win32-x64\jre\21.0.7-win32-x86_64\bin\instrument.dll
0x00007ffb58f60000 - 0x00007ffb58f7f000 	c:\Users\a\.vscode\extensions\redhat.java-1.42.0-win32-x64\jre\21.0.7-win32-x86_64\bin\java.dll
0x00007ffb977d0000 - 0x00007ffb98048000 	C:\WINDOWS\System32\SHELL32.dll
0x00007ffb93f80000 - 0x00007ffb94888000 	C:\WINDOWS\SYSTEM32\windows.storage.dll
0x00007ffb93e40000 - 0x00007ffb93f7f000 	C:\WINDOWS\SYSTEM32\wintypes.dll
0x00007ffb982b0000 - 0x00007ffb983aa000 	C:\WINDOWS\System32\SHCORE.dll
0x00007ffb97100000 - 0x00007ffb9715e000 	C:\WINDOWS\System32\shlwapi.dll
0x00007ffb95f70000 - 0x00007ffb95f9b000 	C:\WINDOWS\SYSTEM32\profapi.dll
0x00007ffb58ee0000 - 0x00007ffb58ef8000 	c:\Users\a\.vscode\extensions\redhat.java-1.42.0-win32-x64\jre\21.0.7-win32-x86_64\bin\zip.dll
0x00007ffb5cbd0000 - 0x00007ffb5cbe0000 	C:\Users\a\.vscode\extensions\redhat.java-1.42.0-win32-x64\jre\21.0.7-win32-x86_64\bin\net.dll
0x00007ffb8fef0000 - 0x00007ffb90026000 	C:\WINDOWS\SYSTEM32\WINHTTP.dll
0x00007ffb95500000 - 0x00007ffb95569000 	C:\WINDOWS\system32\mswsock.dll
0x00007ffb3dfe0000 - 0x00007ffb3dff6000 	C:\Users\a\.vscode\extensions\redhat.java-1.42.0-win32-x64\jre\21.0.7-win32-x86_64\bin\nio.dll
0x00007ffb5b260000 - 0x00007ffb5b270000 	c:\Users\a\.vscode\extensions\redhat.java-1.42.0-win32-x64\jre\21.0.7-win32-x86_64\bin\verify.dll
0x00007ffb35300000 - 0x00007ffb35345000 	C:\Users\a\AppData\Roaming\Code\User\globalStorage\redhat.java\1.42.0\config_win\org.eclipse.equinox.launcher\org.eclipse.equinox.launcher.win32.win32.x86_64_1.2.1300.v20250331-1702\eclipse_11911.dll
0x00007ffb98460000 - 0x00007ffb98605000 	C:\WINDOWS\System32\ole32.dll
0x00007ffb95750000 - 0x00007ffb9576b000 	C:\WINDOWS\SYSTEM32\CRYPTSP.dll
0x00007ffb94fe0000 - 0x00007ffb95015000 	C:\WINDOWS\system32\rsaenh.dll
0x00007ffb955f0000 - 0x00007ffb95618000 	C:\WINDOWS\SYSTEM32\USERENV.dll
0x00007ffb95770000 - 0x00007ffb9577c000 	C:\WINDOWS\SYSTEM32\CRYPTBASE.dll
0x00007ffb94b80000 - 0x00007ffb94bad000 	C:\WINDOWS\SYSTEM32\IPHLPAPI.DLL
0x00007ffb97160000 - 0x00007ffb97169000 	C:\WINDOWS\System32\NSI.dll
0x00007ffb352b0000 - 0x00007ffb352f9000 	C:\Users\a\AppData\Local\Temp\jna-97\jna11196153824895746508.dll
0x00007ffb97460000 - 0x00007ffb97468000 	C:\WINDOWS\System32\PSAPI.DLL
0x00007ffb8fed0000 - 0x00007ffb8fee9000 	C:\WINDOWS\SYSTEM32\dhcpcsvc6.DLL
0x00007ffb8feb0000 - 0x00007ffb8fecf000 	C:\WINDOWS\SYSTEM32\dhcpcsvc.DLL
0x00007ffb73d80000 - 0x00007ffb73d8e000 	C:\Users\a\.vscode\extensions\redhat.java-1.42.0-win32-x64\jre\21.0.7-win32-x86_64\bin\sunmscapi.dll
0x00007ffb96900000 - 0x00007ffb96a66000 	C:\WINDOWS\System32\CRYPT32.dll
0x00007ffb95910000 - 0x00007ffb9593d000 	C:\WINDOWS\SYSTEM32\ncrypt.dll
0x00007ffb958d0000 - 0x00007ffb95907000 	C:\WINDOWS\SYSTEM32\NTASN1.dll
0x00007ffb94bb0000 - 0x00007ffb94cb2000 	C:\WINDOWS\SYSTEM32\DNSAPI.dll
0x00007ffb87730000 - 0x00007ffb8773a000 	C:\Windows\System32\rasadhlp.dll
0x00007ffb8e230000 - 0x00007ffb8e2b3000 	C:\WINDOWS\System32\fwpuclnt.dll
0x00007ffb73d70000 - 0x00007ffb73d79000 	C:\Users\a\.vscode\extensions\redhat.java-1.42.0-win32-x64\jre\21.0.7-win32-x86_64\bin\extnet.dll
0x00007ffb85bc0000 - 0x00007ffb85bc8000 	C:\WINDOWS\system32\wshunix.dll

dbghelp: loaded successfully - version: 4.0.5 - missing functions: none
symbol engine: initialized successfully - sym options: 0x614 - pdb path: .;c:\Users\a\.vscode\extensions\redhat.java-1.42.0-win32-x64\jre\21.0.7-win32-x86_64\bin;C:\WINDOWS\SYSTEM32;C:\WINDOWS\WinSxS\amd64_microsoft.windows.common-controls_6595b64144ccf1df_6.0.22621.4541_none_2710d1c57384c085;c:\Users\a\.vscode\extensions\redhat.java-1.42.0-win32-x64\jre\21.0.7-win32-x86_64\bin\server;C:\Users\a\AppData\Roaming\Code\User\globalStorage\redhat.java\1.42.0\config_win\org.eclipse.equinox.launcher\org.eclipse.equinox.launcher.win32.win32.x86_64_1.2.1300.v20250331-1702;C:\Users\a\AppData\Local\Temp\jna-97

VM Arguments:
jvm_args: --add-modules=ALL-SYSTEM --add-opens=java.base/java.util=ALL-UNNAMED --add-opens=java.base/java.lang=ALL-UNNAMED --add-opens=java.base/sun.nio.fs=ALL-UNNAMED -Declipse.application=org.eclipse.jdt.ls.core.id1 -Dosgi.bundles.defaultStartLevel=4 -Declipse.product=org.eclipse.jdt.ls.core.product -Djava.import.generatesMetadataFilesAtProjectRoot=false -DDetectVMInstallationsJob.disabled=true -Dfile.encoding=utf8 -XX:+UseParallelGC -XX:GCTimeRatio=4 -XX:AdaptiveSizePolicyWeight=90 -Dsun.zip.disableMemoryMapping=true -Xmx1G -Xms100m -Xlog:disable -javaagent:c:\Users\a\.vscode\extensions\redhat.java-1.42.0-win32-x64\lombok\lombok-1.18.36.jar -XX:+HeapDumpOnOutOfMemoryError -XX:HeapDumpPath=c:\Users\a\AppData\Roaming\Code\User\workspaceStorage\9db86a506a90057be1feace3f1cbdef9\redhat.java -Daether.dependencyCollector.impl=bf 
java_command: c:\Users\a\.vscode\extensions\redhat.java-1.42.0-win32-x64\server\plugins\org.eclipse.equinox.launcher_1.7.0.v20250424-1814.jar -configuration c:\Users\a\AppData\Roaming\Code\User\globalStorage\redhat.java\1.42.0\config_win -data c:\Users\a\AppData\Roaming\Code\User\workspaceStorage\9db86a506a90057be1feace3f1cbdef9\redhat.java\jdt_ws --pipe=\\.\pipe\lsp-ed5a0090116e36c8f47c7624df44f758-sock
java_class_path (initial): c:\Users\a\.vscode\extensions\redhat.java-1.42.0-win32-x64\server\plugins\org.eclipse.equinox.launcher_1.7.0.v20250424-1814.jar
Launcher Type: SUN_STANDARD

[Global flags]
    uintx AdaptiveSizePolicyWeight                 = 90                                        {product} {command line}
     intx CICompilerCount                          = 2                                         {product} {ergonomic}
    uintx GCTimeRatio                              = 4                                         {product} {command line}
     bool HeapDumpOnOutOfMemoryError               = true                                   {manageable} {command line}
    ccstr HeapDumpPath                             = c:\Users\a\AppData\Roaming\Code\User\workspaceStorage\9db86a506a90057be1feace3f1cbdef9\redhat.java         {manageable} {command line}
   size_t InitialHeapSize                          = 104857600                                 {product} {command line}
   size_t MaxHeapSize                              = 1073741824                                {product} {command line}
   size_t MaxNewSize                               = 357564416                                 {product} {ergonomic}
   size_t MinHeapDeltaBytes                        = 524288                                    {product} {ergonomic}
   size_t MinHeapSize                              = 104857600                                 {product} {command line}
   size_t NewSize                                  = 34603008                                  {product} {ergonomic}
    uintx NonNMethodCodeHeapSize                   = 5826188                                {pd product} {ergonomic}
    uintx NonProfiledCodeHeapSize                  = 122916026                              {pd product} {ergonomic}
   size_t OldSize                                  = 70254592                                  {product} {ergonomic}
    uintx ProfiledCodeHeapSize                     = 122916026                              {pd product} {ergonomic}
    uintx ReservedCodeCacheSize                    = 251658240                              {pd product} {ergonomic}
     bool SegmentedCodeCache                       = true                                      {product} {ergonomic}
   size_t SoftMaxHeapSize                          = 1073741824                             {manageable} {ergonomic}
     bool UseCompressedOops                        = true                           {product lp64_product} {ergonomic}
     bool UseLargePagesIndividualAllocation        = false                                  {pd product} {ergonomic}
     bool UseParallelGC                            = true                                      {product} {command line}

Logging:
Log output configuration:
 #0: stdout all=off uptime,level,tags foldmultilines=false
 #1: stderr all=off uptime,level,tags foldmultilines=false

Environment Variables:
JAVA_HOME=C:\Program Files\Eclipse Adoptium\jdk-21.0.6.7-hotspot\
PATH=C:\oraclexe\app\oracle\product\11.2.0\server\bin;;C:\Program Files\Eclipse Adoptium\jdk-21.0.6.7-hotspot\bin;C:\Program Files\Common Files\Oracle\Java\javapath;C:\Program Files (x86)\NVIDIA Corporation\PhysX\Common;C:\Program Files\Eclipse Adoptium\jdk-17.0.12.7-hotspot\bin;C:\Program Files (x86)\Common Files\Oracle\Java\javapath;C:\WINDOWS\system32;C:\WINDOWS;C:\WINDOWS\System32\Wbem;C:\WINDOWS\System32\WindowsPowerShell\v1.0\;C:\WINDOWS\System32\OpenSSH\;C:\Program Files\nodejs\;C:\ProgramData\chocolatey\bin;C:\Program Files\Git\cmd;C:\xampp\php;C:\ProgramData\ComposerSetup\bin;C:\symfony-cli;C:\Users\a\AppData\Local\Programs\Python\Launcher\;C:\Users\a\AppData\Local\Microsoft\WindowsApps;C:\Users\a\AppData\Roaming\npm;C:\Program Files\JetBrains\IntelliJ IDEA Community Edition 2024.3.1.1\bin;;C:\Users\a\AppData\Roaming\Composer\vendor\bin
USERNAME=a
OS=Windows_NT
PROCESSOR_IDENTIFIER=AMD64 Family 23 Model 24 Stepping 1, AuthenticAMD
TMP=C:\Users\a\AppData\Local\Temp
TEMP=C:\Users\a\AppData\Local\Temp




Periodic native trim disabled

---------------  S Y S T E M  ---------------

OS:
 Windows 11 , 64 bit Build 22621 (10.0.22621.4391)
OS uptime: 0 days 2:47 hours

CPU: total 2 (initial active 2) (2 cores per cpu, 1 threads per core) family 23 model 24 stepping 1 microcode 0x0, cx8, cmov, fxsr, mmx, 3dnowpref, sse, sse2, sse3, ssse3, sse4a, sse4.1, sse4.2, popcnt, lzcnt, tsc, tscinvbit, avx, avx2, aes, clmul, bmi1, bmi2, adx, sha, fma, vzeroupper, clflush, clflushopt, rdtscp, f16c
Processor Information for the first 2 processors :
  Max Mhz: 2300, Current Mhz: 2300, Mhz Limit: 2300

Memory: 4k page, system-wide physical 18308M (9304M free)
TotalPageFile size 20996M (AvailPageFile size 8674M)
current process WorkingSet (physical memory assigned to process): 1017M, peak: 1137M
current process commit charge ("private bytes"): 923M, peak: 1028M

vm_info: OpenJDK 64-Bit Server VM (21.0.7+6-LTS) for windows-amd64 JRE (21.0.7+6-LTS), built on 2025-04-15T00:00:00Z by "admin" with MS VC++ 17.7 (VS2022)

END.
